<?xml version="1.0" encoding="UTF-8"?>
<!-- Generated by org.testng.reporters.JUnitReportReporter -->
<testsuite hostname="ACLIFFOR-F25661" failures="0" tests="1" name="example.NewTest" time="1.136" errors="0" timestamp="26 Sep 2020 16:06:14 GMT">
  <testcase classname="example.NewTest" name="f" time="1.136"/>
</testsuite> <!-- example.NewTest -->
