<?xml version="1.0" encoding="UTF-8"?>
<!-- Generated by org.testng.reporters.JUnitReportReporter -->
<testsuite hostname="ACLIFFOR-F25661" failures="0" tests="1" name="example.NewTest" time="2.276" errors="0" timestamp="8 Oct 2020 04:13:02 GMT">
  <testcase classname="example.NewTest" name="f" time="2.276"/>
</testsuite> <!-- example.NewTest -->
